<?xml version="1.0" encoding="UTF-8"?>
<!-- Generated by org.testng.reporters.JUnitXMLReporter -->
<testsuite ignored="0" hostname="DESKTOP-3CLNGKD" failures="0" tests="4" name="Default test" time="0.072" errors="0" timestamp="09 Jan 2023 12:54:04 GMT">
  <testcase classname="com.provider.Google.Nice" name="Good" time="0.013"/>
  <testcase classname="com.provider.Google.Nice" name="Good" time="0.003"/>
  <testcase classname="com.provider.Google.Nice" name="Good" time="0.004"/>
  <testcase classname="com.provider.Google.Nice" name="Good" time="0.003"/>
</testsuite> <!-- Default test -->
