<?xml version="1.0" encoding="UTF-8"?>
<testng-results ignored="0" total="1" passed="1" failed="0" skipped="0">
  <reporter-output>
  </reporter-output>
  <suite started-at="2023-01-10T08:05:30Z" name="Surefire suite" finished-at="2023-01-10T08:05:30Z" duration-ms="82">
    <groups>
    </groups>
    <test started-at="2023-01-10T08:05:30Z" name="Surefire test" finished-at="2023-01-10T08:05:30Z" duration-ms="82">
      <class name="com.provider.Google.AppTest">
        <test-method signature="shouldAnswerWithTrue()" started-at="2023-01-10T08:05:30Z" name="shouldAnswerWithTrue" finished-at="2023-01-10T08:05:30Z" duration-ms="9" status="PASS">
          <reporter-output>
          </reporter-output>
        </test-method> <!-- shouldAnswerWithTrue -->
      </class> <!-- com.provider.Google.AppTest -->
    </test> <!-- Surefire test -->
  </suite> <!-- Surefire suite -->
</testng-results>
