<?xml version="1.0" encoding="UTF-8"?>
<testng-results ignored="0" total="4" passed="4" failed="0" skipped="0">
  <reporter-output>
  </reporter-output>
  <suite started-at="2023-01-09T12:54:04Z" name="Default suite" finished-at="2023-01-09T12:54:04Z" duration-ms="72">
    <groups>
    </groups>
    <test started-at="2023-01-09T12:54:04Z" name="Default test" finished-at="2023-01-09T12:54:04Z" duration-ms="72">
      <class name="com.provider.Google.Nice">
        <test-method signature="Good(java.lang.String)[pri:0, instance:com.provider.Google.Nice@75d2da2d]" started-at="2023-01-09T12:54:04Z" name="Good" data-provider="nick" finished-at="2023-01-09T12:54:04Z" duration-ms="13" status="PASS">
          <params>
            <param index="0">
              <value>
                <![CDATA[abc]]>
              </value>
            </param>
          </params>
          <reporter-output>
          </reporter-output>
        </test-method> <!-- Good -->
        <test-method signature="Good(java.lang.String)[pri:0, instance:com.provider.Google.Nice@75d2da2d]" started-at="2023-01-09T12:54:04Z" name="Good" data-provider="nick" finished-at="2023-01-09T12:54:04Z" duration-ms="3" status="PASS">
          <params>
            <param index="0">
              <value>
                <![CDATA[123]]>
              </value>
            </param>
          </params>
          <reporter-output>
          </reporter-output>
        </test-method> <!-- Good -->
        <test-method signature="Good(java.lang.String)[pri:0, instance:com.provider.Google.Nice@75d2da2d]" started-at="2023-01-09T12:54:04Z" name="Good" data-provider="nick" finished-at="2023-01-09T12:54:04Z" duration-ms="4" status="PASS">
          <params>
            <param index="0">
              <value>
                <![CDATA[xyz]]>
              </value>
            </param>
          </params>
          <reporter-output>
          </reporter-output>
        </test-method> <!-- Good -->
        <test-method signature="Good(java.lang.String)[pri:0, instance:com.provider.Google.Nice@75d2da2d]" started-at="2023-01-09T12:54:04Z" name="Good" data-provider="nick" finished-at="2023-01-09T12:54:04Z" duration-ms="3" status="PASS">
          <params>
            <param index="0">
              <value>
                <![CDATA[456]]>
              </value>
            </param>
          </params>
          <reporter-output>
          </reporter-output>
        </test-method> <!-- Good -->
      </class> <!-- com.provider.Google.Nice -->
    </test> <!-- Default test -->
  </suite> <!-- Default suite -->
</testng-results>
